# JRE version: OpenJDK Runtime Environment (8.0_272-b10) (build 1.8.0_272-b10)
# Java VM: OpenJDK 64-Bit Server VM (25.272-b10 mixed mode windows-amd64 compressed oops)
Heap:
 PSYoungGen      total 147968K, used 128512K [0x00000000f5580000, 0x0000000100000000, 0x0000000100000000)
  eden space 128512K, 100% used [0x00000000f5580000,0x00000000fd300000,0x00000000fd300000)
  from space 19456K, 0% used [0x00000000fd300000,0x00000000fd300000,0x00000000fe600000)
  to   space 24576K, 40% used [0x00000000fe800000,0x00000000ff1d0490,0x0000000100000000)
 ParOldGen       total 210432K, used 33315K [0x00000000e0000000, 0x00000000ecd80000, 0x00000000f5580000)
  object space 210432K, 15% used [0x00000000e0000000,0x00000000e2088c50,0x00000000ecd80000)
 Metaspace       used 61977K, capacity 64828K, committed 65024K, reserved 1105920K
  class space    used 8737K, capacity 9458K, committed 9472K, reserved 1048576K
GC Heap History (10 events):
Event: 10.531 GC heap after
Heap after GC invocations=8 (full 2):
 PSYoungGen      total 159232K, used 0K [0x00000000f5580000, 0x0000000100000000, 0x0000000100000000)
  eden space 143360K, 0% used [0x00000000f5580000,0x00000000f5580000,0x00000000fe180000)
  from space 15872K, 0% used [0x00000000ff080000,0x00000000ff080000,0x0000000100000000)
  to   space 15360K, 0% used [0x00000000fe180000,0x00000000fe180000,0x00000000ff080000)
 ParOldGen       total 175104K, used 16853K [0x00000000e0000000, 0x00000000eab00000, 0x00000000f5580000)
  object space 175104K, 9% used [0x00000000e0000000,0x00000000e1075508,0x00000000eab00000)
 Metaspace       used 34230K, capacity 35270K, committed 35456K, reserved 1079296K
  class space    used 4815K, capacity 5124K, committed 5248K, reserved 1048576K
}
Event: 13.871 GC heap before
{Heap before GC invocations=9 (full 2):
 PSYoungGen      total 159232K, used 143360K [0x00000000f5580000, 0x0000000100000000, 0x0000000100000000)
  eden space 143360K, 100% used [0x00000000f5580000,0x00000000fe180000,0x00000000fe180000)
  from space 15872K, 0% used [0x00000000ff080000,0x00000000ff080000,0x0000000100000000)
  to   space 15360K, 0% used [0x00000000fe180000,0x00000000fe180000,0x00000000ff080000)
 ParOldGen       total 175104K, used 16853K [0x00000000e0000000, 0x00000000eab00000, 0x00000000f5580000)
  object space 175104K, 9% used [0x00000000e0000000,0x00000000e1075508,0x00000000eab00000)
 Metaspace       used 46145K, capacity 47776K, committed 48000K, reserved 1091584K
  class space    used 6355K, capacity 6759K, committed 6784K, reserved 1048576K
Event: 13.894 GC heap after
Heap after GC invocations=9 (full 2):
 PSYoungGen      total 158720K, used 15345K [0x00000000f5580000, 0x0000000100000000, 0x0000000100000000)
  eden space 143360K, 0% used [0x00000000f5580000,0x00000000f5580000,0x00000000fe180000)
  from space 15360K, 99% used [0x00000000fe180000,0x00000000ff07c758,0x00000000ff080000)
  to   space 15872K, 0% used [0x00000000ff080000,0x00000000ff080000,0x0000000100000000)
 ParOldGen       total 175104K, used 19343K [0x00000000e0000000, 0x00000000eab00000, 0x00000000f5580000)
  object space 175104K, 11% used [0x00000000e0000000,0x00000000e12e3c38,0x00000000eab00000)
 Metaspace       used 46145K, capacity 47776K, committed 48000K, reserved 1091584K
  class space    used 6355K, capacity 6759K, committed 6784K, reserved 1048576K
}
Event: 19.403 GC heap before
{Heap before GC invocations=10 (full 2):
 PSYoungGen      total 158720K, used 158705K [0x00000000f5580000, 0x0000000100000000, 0x0000000100000000)
  eden space 143360K, 100% used [0x00000000f5580000,0x00000000fe180000,0x00000000fe180000)
  from space 15360K, 99% used [0x00000000fe180000,0x00000000ff07c758,0x00000000ff080000)
  to   space 15872K, 0% used [0x00000000ff080000,0x00000000ff080000,0x0000000100000000)
 ParOldGen       total 175104K, used 19343K [0x00000000e0000000, 0x00000000eab00000, 0x00000000f5580000)
  object space 175104K, 11% used [0x00000000e0000000,0x00000000e12e3c38,0x00000000eab00000)
 Metaspace       used 54810K, capacity 57110K, committed 57472K, reserved 1097728K
  class space    used 7645K, capacity 8204K, committed 8320K, reserved 1048576K
Event: 19.437 GC heap after
Heap after GC invocations=10 (full 2):
 PSYoungGen      total 144384K, used 15843K [0x00000000f5580000, 0x0000000100000000, 0x0000000100000000)
  eden space 128512K, 0% used [0x00000000f5580000,0x00000000f5580000,0x00000000fd300000)
  from space 15872K, 99% used [0x00000000ff080000,0x00000000ffff8d00,0x0000000100000000)
  to   space 23040K, 0% used [0x00000000fd300000,0x00000000fd300000,0x00000000fe980000)
 ParOldGen       total 175104K, used 26263K [0x00000000e0000000, 0x00000000eab00000, 0x00000000f5580000)
  object space 175104K, 14% used [0x00000000e0000000,0x00000000e19a5cf0,0x00000000eab00000)
 Metaspace       used 54810K, capacity 57110K, committed 57472K, reserved 1097728K
  class space    used 7645K, capacity 8204K, committed 8320K, reserved 1048576K
}
Event: 20.338 GC heap before
{Heap before GC invocations=11 (full 2):
 PSYoungGen      total 144384K, used 52874K [0x00000000f5580000, 0x0000000100000000, 0x0000000100000000)
  eden space 128512K, 28% used [0x00000000f5580000,0x00000000f79a9e20,0x00000000fd300000)
  from space 15872K, 99% used [0x00000000ff080000,0x00000000ffff8d00,0x0000000100000000)
  to   space 23040K, 0% used [0x00000000fd300000,0x00000000fd300000,0x00000000fe980000)
 ParOldGen       total 175104K, used 26263K [0x00000000e0000000, 0x00000000eab00000, 0x00000000f5580000)
  object space 175104K, 14% used [0x00000000e0000000,0x00000000e19a5cf0,0x00000000eab00000)
 Metaspace       used 56555K, capacity 58942K, committed 59096K, reserved 1099776K
  class space    used 7881K, capacity 8478K, committed 8576K, reserved 1048576K
Event: 20.362 GC heap after
Heap after GC invocations=11 (full 2):
 PSYoungGen      total 147968K, used 19097K [0x00000000f5580000, 0x0000000100000000, 0x0000000100000000)
  eden space 128512K, 0% used [0x00000000f5580000,0x00000000f5580000,0x00000000fd300000)
  from space 19456K, 98% used [0x00000000fd300000,0x00000000fe5a6748,0x00000000fe600000)
  to   space 24576K, 0% used [0x00000000fe800000,0x00000000fe800000,0x0000000100000000)
 ParOldGen       total 175104K, used 26271K [0x00000000e0000000, 0x00000000eab00000, 0x00000000f5580000)
  object space 175104K, 15% used [0x00000000e0000000,0x00000000e19a7cf0,0x00000000eab00000)
 Metaspace       used 56555K, capacity 58942K, committed 59096K, reserved 1099776K
  class space    used 7881K, capacity 8478K, committed 8576K, reserved 1048576K
}
Event: 20.362 GC heap before
{Heap before GC invocations=12 (full 3):
 PSYoungGen      total 147968K, used 19097K [0x00000000f5580000, 0x0000000100000000, 0x0000000100000000)
  eden space 128512K, 0% used [0x00000000f5580000,0x00000000f5580000,0x00000000fd300000)
  from space 19456K, 98% used [0x00000000fd300000,0x00000000fe5a6748,0x00000000fe600000)
  to   space 24576K, 0% used [0x00000000fe800000,0x00000000fe800000,0x0000000100000000)
 ParOldGen       total 175104K, used 26271K [0x00000000e0000000, 0x00000000eab00000, 0x00000000f5580000)
  object space 175104K, 15% used [0x00000000e0000000,0x00000000e19a7cf0,0x00000000eab00000)
 Metaspace       used 56555K, capacity 58942K, committed 59096K, reserved 1099776K
  class space    used 7881K, capacity 8478K, committed 8576K, reserved 1048576K
Event: 20.666 GC heap after
Heap after GC invocations=12 (full 3):
 PSYoungGen      total 147968K, used 0K [0x00000000f5580000, 0x0000000100000000, 0x0000000100000000)
  eden space 128512K, 0% used [0x00000000f5580000,0x00000000f5580000,0x00000000fd300000)
  from space 19456K, 0% used [0x00000000fd300000,0x00000000fd300000,0x00000000fe600000)
  to   space 24576K, 0% used [0x00000000fe800000,0x00000000fe800000,0x0000000100000000)
 ParOldGen       total 210432K, used 33307K [0x00000000e0000000, 0x00000000ecd80000, 0x00000000f5580000)
  object space 210432K, 15% used [0x00000000e0000000,0x00000000e2086c50,0x00000000ecd80000)
 Metaspace       used 56533K, capacity 58870K, committed 59096K, reserved 1099776K
  class space    used 7874K, capacity 8466K, committed 8576K, reserved 1048576K
}
Event: 23.174 GC heap before
{Heap before GC invocations=13 (full 3):
 PSYoungGen      total 147968K, used 128512K [0x00000000f5580000, 0x0000000100000000, 0x0000000100000000)
  eden space 128512K, 100% used [0x00000000f5580000,0x00000000fd300000,0x00000000fd300000)
  from space 19456K, 0% used [0x00000000fd300000,0x00000000fd300000,0x00000000fe600000)
  to   space 24576K, 0% used [0x00000000fe800000,0x00000000fe800000,0x0000000100000000)
 ParOldGen       total 210432K, used 33307K [0x00000000e0000000, 0x00000000ecd80000, 0x00000000f5580000)
  object space 210432K, 15% used [0x00000000e0000000,0x00000000e2086c50,0x00000000ecd80000)
 Metaspace       used 61977K, capacity 64828K, committed 65024K, reserved 1105920K
  class space    used 8737K, capacity 9458K, committed 9472K, reserved 1048576K

